Traceback (most recent call last):
  File "/Users/aaron/mambaforge/envs/bayes/lib/python3.10/site-packages/jupyter_cache/executors/utils.py", line 51, in single_nb_execution
    executenb(
  File "/Users/aaron/mambaforge/envs/bayes/lib/python3.10/site-packages/nbclient/client.py", line 1093, in execute
    return NotebookClient(nb=nb, resources=resources, km=km, **kwargs).execute()
  File "/Users/aaron/mambaforge/envs/bayes/lib/python3.10/site-packages/nbclient/util.py", line 84, in wrapped
    return just_run(coro(*args, **kwargs))
  File "/Users/aaron/mambaforge/envs/bayes/lib/python3.10/site-packages/nbclient/util.py", line 62, in just_run
    return loop.run_until_complete(coro)
  File "/Users/aaron/mambaforge/envs/bayes/lib/python3.10/asyncio/base_events.py", line 641, in run_until_complete
    return future.result()
  File "/Users/aaron/mambaforge/envs/bayes/lib/python3.10/site-packages/nbclient/client.py", line 559, in async_execute
    await self.async_execute_cell(
  File "/Users/aaron/mambaforge/envs/bayes/lib/python3.10/site-packages/nbclient/client.py", line 854, in async_execute_cell
    self._check_raise_for_error(cell, exec_reply)
  File "/Users/aaron/mambaforge/envs/bayes/lib/python3.10/site-packages/nbclient/client.py", line 756, in _check_raise_for_error
    raise CellExecutionError.from_cell_and_msg(cell, exec_reply_content)
nbclient.exceptions.CellExecutionError: An error occurred while executing the following cell:
------------------
import pymc3 as pm
import arviz as az
import numpy as np
import matplotlib.pyplot as plt
from sklearn.linear_model import LinearRegression
az.style.use('arviz-darkgrid')
------------------

[0;31m---------------------------------------------------------------------------[0m
[0;31mTypeError[0m                                 Traceback (most recent call last)
[0;32m/var/folders/pm/9z29qnf508bc1v6q8fksblm40000gn/T/ipykernel_38444/3310067203.py[0m in [0;36m<module>[0;34m[0m
[0;32m----> 1[0;31m [0;32mimport[0m [0mpymc3[0m [0;32mas[0m [0mpm[0m[0;34m[0m[0;34m[0m[0m
[0m[1;32m      2[0m [0;32mimport[0m [0marviz[0m [0;32mas[0m [0maz[0m[0;34m[0m[0;34m[0m[0m
[1;32m      3[0m [0;32mimport[0m [0mnumpy[0m [0;32mas[0m [0mnp[0m[0;34m[0m[0;34m[0m[0m
[1;32m      4[0m [0;32mimport[0m [0mmatplotlib[0m[0;34m.[0m[0mpyplot[0m [0;32mas[0m [0mplt[0m[0;34m[0m[0;34m[0m[0m
[1;32m      5[0m [0;32mfrom[0m [0msklearn[0m[0;34m.[0m[0mlinear_model[0m [0;32mimport[0m [0mLinearRegression[0m[0;34m[0m[0;34m[0m[0m

[0;32m~/mambaforge/envs/bayes/lib/python3.10/site-packages/pymc3/__init__.py[0m in [0;36m<module>[0;34m[0m
[1;32m     39[0m [0;34m[0m[0m
[1;32m     40[0m [0;32mfrom[0m [0;34m.[0m[0mblocking[0m [0;32mimport[0m [0;34m*[0m[0;34m[0m[0;34m[0m[0m
[0;32m---> 41[0;31m [0;32mfrom[0m [0;34m.[0m[0mdistributions[0m [0;32mimport[0m [0;34m*[0m[0;34m[0m[0;34m[0m[0m
[0m[1;32m     42[0m [0;32mfrom[0m [0;34m.[0m[0mdistributions[0m [0;32mimport[0m [0mtransforms[0m[0;34m[0m[0;34m[0m[0m
[1;32m     43[0m [0;32mfrom[0m [0;34m.[0m[0mglm[0m [0;32mimport[0m [0;34m*[0m[0;34m[0m[0;34m[0m[0m

[0;32m~/mambaforge/envs/bayes/lib/python3.10/site-packages/pymc3/distributions/__init__.py[0m in [0;36m<module>[0;34m[0m
[1;32m     13[0m [0;31m#   limitations under the License.[0m[0;34m[0m[0;34m[0m[0m
[1;32m     14[0m [0;34m[0m[0m
[0;32m---> 15[0;31m [0;32mfrom[0m [0;34m.[0m [0;32mimport[0m [0mtimeseries[0m[0;34m[0m[0;34m[0m[0m
[0m[1;32m     16[0m [0;32mfrom[0m [0;34m.[0m [0;32mimport[0m [0mtransforms[0m[0;34m[0m[0;34m[0m[0m
[1;32m     17[0m [0;32mfrom[0m [0;34m.[0m [0;32mimport[0m [0mshape_utils[0m[0;34m[0m[0;34m[0m[0m

[0;32m~/mambaforge/envs/bayes/lib/python3.10/site-packages/pymc3/distributions/timeseries.py[0m in [0;36m<module>[0;34m[0m
[1;32m     21[0m [0;34m[0m[0m
[1;32m     22[0m [0;32mfrom[0m [0mpymc3[0m[0;34m.[0m[0mutil[0m [0;32mimport[0m [0mget_variable_name[0m[0;34m[0m[0;34m[0m[0m
[0;32m---> 23[0;31m [0;32mfrom[0m [0;34m.[0m[0mcontinuous[0m [0;32mimport[0m [0mget_tau_sigma[0m[0;34m,[0m [0mNormal[0m[0;34m,[0m [0mFlat[0m[0;34m[0m[0;34m[0m[0m
[0m[1;32m     24[0m [0;32mfrom[0m [0;34m.[0m[0mshape_utils[0m [0;32mimport[0m [0mto_tuple[0m[0;34m[0m[0;34m[0m[0m
[1;32m     25[0m [0;32mfrom[0m [0;34m.[0m [0;32mimport[0m [0mmultivariate[0m[0;34m[0m[0;34m[0m[0m

[0;32m~/mambaforge/envs/bayes/lib/python3.10/site-packages/pymc3/distributions/continuous.py[0m in [0;36m<module>[0;34m[0m
[1;32m     30[0m [0;32mfrom[0m [0;34m.[0m[0mspecial[0m [0;32mimport[0m [0mlog_i0[0m[0;34m[0m[0;34m[0m[0m
[1;32m     31[0m [0;32mfrom[0m [0;34m.[0m[0;34m.[0m[0mmath[0m [0;32mimport[0m [0minvlogit[0m[0;34m,[0m [0mlogit[0m[0;34m,[0m [0mlogdiffexp[0m[0;34m[0m[0;34m[0m[0m
[0;32m---> 32[0;31m from .dist_math import (
[0m[1;32m     33[0m     [0malltrue_elemwise[0m[0;34m,[0m [0mbetaln[0m[0;34m,[0m [0mbound[0m[0;34m,[0m [0mgammaln[0m[0;34m,[0m [0mi0e[0m[0;34m,[0m [0mincomplete_beta[0m[0;34m,[0m [0mlogpow[0m[0;34m,[0m[0;34m[0m[0;34m[0m[0m
[1;32m     34[0m     [0mnormal_lccdf[0m[0;34m,[0m [0mnormal_lcdf[0m[0;34m,[0m [0mSplineWrapper[0m[0;34m,[0m [0mstd_cdf[0m[0;34m,[0m [0mzvalue[0m[0;34m,[0m[0;34m[0m[0;34m[0m[0m

[0;32m~/mambaforge/envs/bayes/lib/python3.10/site-packages/pymc3/distributions/dist_math.py[0m in [0;36m<module>[0;34m[0m
[1;32m     42[0m [0;32mif[0m [0mplatform[0m[0;34m.[0m[0msystem[0m[0;34m([0m[0;34m)[0m [0;32min[0m [0;34m[[0m[0;34m"Linux"[0m[0;34m,[0m [0;34m"Darwin"[0m[0;34m][0m[0;34m:[0m[0;34m[0m[0;34m[0m[0m
[1;32m     43[0m     _beta_clip_values["float128"] = (
[0;32m---> 44[0;31m         [0mnp[0m[0;34m.[0m[0mnextafter[0m[0;34m([0m[0;36m0[0m[0;34m,[0m [0;36m1[0m[0;34m,[0m [0mdtype[0m[0;34m=[0m[0;34m"float128"[0m[0;34m)[0m[0;34m,[0m[0;34m[0m[0;34m[0m[0m
[0m[1;32m     45[0m         [0mnp[0m[0;34m.[0m[0mnextafter[0m[0;34m([0m[0;36m1[0m[0;34m,[0m [0;36m0[0m[0;34m,[0m [0mdtype[0m[0;34m=[0m[0;34m"float128"[0m[0;34m)[0m[0;34m[0m[0;34m[0m[0m
[1;32m     46[0m     )

[0;31mTypeError[0m: data type 'float128' not understood
TypeError: data type 'float128' not understood

